<?xml version="1.0" encoding="UTF-8"?>
<!-- Generated by org.testng.reporters.JUnitReportReporter -->
<testsuite skipped="1" hostname="DESKTOP-KJ4U1G6" name="login.LoginTest" tests="5" failures="0" timestamp="08 Sep 2019 04:19:27 GMT" time="14.612" errors="0">
  <testcase name="login" time="0.978" classname="login.LoginTest"/>
  <testcase name="login" time="5.794" classname="login.LoginTest"/>
  <testcase name="login" time="5.106" classname="login.LoginTest"/>
  <testcase name="guestLogin" time="2.734" classname="login.LoginTest"/>
  <testcase name="search" classname="login.LoginTest">
    <skipped/>
  </testcase> <!-- search -->
</testsuite> <!-- login.LoginTest -->
