<?xml version="1.0" encoding="UTF-8"?>
<!-- Generated by org.testng.reporters.JUnitReportReporter -->
<testsuite skipped="0" hostname="DESKTOP-KJ4U1G6" name="registration.RegisterTest" tests="11" failures="0" timestamp="08 Sep 2019 04:19:27 GMT" time="49.413" errors="0">
  <testcase name="register" time="4.079" classname="registration.RegisterTest"/>
  <testcase name="register" time="3.977" classname="registration.RegisterTest"/>
  <testcase name="register" time="4.047" classname="registration.RegisterTest"/>
  <testcase name="register" time="4.557" classname="registration.RegisterTest"/>
  <testcase name="register" time="3.955" classname="registration.RegisterTest"/>
  <testcase name="register" time="4.053" classname="registration.RegisterTest"/>
  <testcase name="register" time="3.934" classname="registration.RegisterTest"/>
  <testcase name="register" time="3.934" classname="registration.RegisterTest"/>
  <testcase name="userEditAcct" time="4.212" classname="registration.RegisterTest"/>
  <testcase name="adminEditAcct" time="4.900" classname="registration.RegisterTest"/>
  <testcase name="adminDeleteAcct" time="7.765" classname="registration.RegisterTest"/>
</testsuite> <!-- registration.RegisterTest -->
